<?xml version="1.0" encoding="UTF-8"?>
<testsuite name="com.study.adcentofcode.Question10Test" tests="1" skipped="0" failures="0" errors="0" timestamp="2024-01-04T15:11:17" hostname="ctw2829" time="0.024">
  <properties/>
  <testcase name="checkPuzzle()" classname="com.study.adcentofcode.Question10Test" time="0.024"/>
  <system-out><![CDATA[part1: 2.976557ms
]]></system-out>
  <system-err><![CDATA[]]></system-err>
</testsuite>
